Адрес файла: W:\domains\avtozapchasti.ru\variables.php
Строка в файле №: 75
Запрос: 
				SELECT *
				FROM `pages`
				WHERE `module` = 'img'
				LIMIT 1
	          
Table 'avtozapchasti.pages' doesn't exist
Время ошибки: 10-08-2016 12:30:28

Адрес файла: W:\domains\avtozapchasti.ru\variables.php
Строка в файле №: 75
Запрос: 
				SELECT *
				FROM `pages`
				WHERE `module` = 'img'
				LIMIT 1
	          
Table 'avtozapchasti.pages' doesn't exist
Время ошибки: 10-08-2016 12:30:28

Адрес файла: W:\domains\avtozapchasti.ru\variables.php
Строка в файле №: 75
Запрос: 
				SELECT *
				FROM `pages`
				WHERE `module` = 'img'
				LIMIT 1
	          
Table 'avtozapchasti.pages' doesn't exist
Время ошибки: 10-08-2016 12:30:29

Адрес файла: W:\domains\avtozapchasti.ru\variables.php
Строка в файле №: 75
Запрос: 
				SELECT *
				FROM `pages`
				WHERE `module` = 'favicon.ico'
				LIMIT 1
	          
Table 'avtozapchasti.pages' doesn't exist
Время ошибки: 10-08-2016 12:30:29

Адрес файла: W:\domains\avtozapchasti.ru\variables.php
Строка в файле №: 75
Запрос: 
				SELECT *
				FROM `pages`
				WHERE `module` = 'modules'
				LIMIT 1
	          
Table 'avtozapchasti.pages' doesn't exist
Время ошибки: 10-08-2016 12:30:39

Адрес файла: W:\domains\avtozapchasti.ru\variables.php
Строка в файле №: 75
Запрос: 
				SELECT *
				FROM `pages`
				WHERE `module` = 'modules'
				LIMIT 1
	          
Table 'avtozapchasti.pages' doesn't exist
Время ошибки: 10-08-2016 12:30:49

Адрес файла: W:\domains\avtozapchasti.ru\variables.php
Строка в файле №: 75
Запрос: 
				SELECT *
				FROM `pages`
				WHERE `module` = 'modules'
				LIMIT 1
	          
Table 'avtozapchasti.pages' doesn't exist
Время ошибки: 10-08-2016 12:30:59

Адрес файла: W:\domains\avtozapchasti.ru\variables.php
Строка в файле №: 75
Запрос: 
				SELECT *
				FROM `pages`
				WHERE `module` = 'modules'
				LIMIT 1
	          
Table 'avtozapchasti.pages' doesn't exist
Время ошибки: 10-08-2016 12:31:09

Адрес файла: W:\domains\avtozapchasti.ru\variables.php
Строка в файле №: 75
Запрос: 
				SELECT *
				FROM `pages`
				WHERE `module` = 'modules'
				LIMIT 1
	          
Table 'avtozapchasti.pages' doesn't exist
Время ошибки: 10-08-2016 12:31:19

Адрес файла: W:\domains\avtozapchasti.ru\variables.php
Строка в файле №: 75
Запрос: 
				SELECT *
				FROM `pages`
				WHERE `module` = 'modules'
				LIMIT 1
	          
Table 'avtozapchasti.pages' doesn't exist
Время ошибки: 10-08-2016 12:31:29

Адрес файла: W:\domains\avtozapchasti.ru\variables.php
Строка в файле №: 75
Запрос: 
				SELECT *
				FROM `pages`
				WHERE `module` = 'modules'
				LIMIT 1
	          
Table 'avtozapchasti.pages' doesn't exist
Время ошибки: 10-08-2016 12:31:39

Адрес файла: W:\domains\avtozapchasti.ru\variables.php
Строка в файле №: 75
Запрос: 
				SELECT *
				FROM `pages`
				WHERE `module` = 'modules'
				LIMIT 1
	          
Table 'avtozapchasti.pages' doesn't exist
Время ошибки: 10-08-2016 12:31:49

Адрес файла: W:\domains\avtozapchasti.ru\variables.php
Строка в файле №: 75
Запрос: 
				SELECT *
				FROM `pages`
				WHERE `module` = 'modules'
				LIMIT 1
	          
Table 'avtozapchasti.pages' doesn't exist
Время ошибки: 10-08-2016 12:31:59

Адрес файла: W:\domains\avtozapchasti.ru\variables.php
Строка в файле №: 75
Запрос: 
				SELECT *
				FROM `pages`
				WHERE `module` = 'modules'
				LIMIT 1
	          
Table 'avtozapchasti.pages' doesn't exist
Время ошибки: 10-08-2016 12:32:09

Адрес файла: W:\domains\avtozapchasti.ru\variables.php
Строка в файле №: 75
Запрос: 
				SELECT *
				FROM `pages`
				WHERE `module` = 'modules'
				LIMIT 1
	          
Table 'avtozapchasti.pages' doesn't exist
Время ошибки: 10-08-2016 12:32:19

Адрес файла: W:\domains\avtozapchasti.ru\variables.php
Строка в файле №: 75
Запрос: 
				SELECT *
				FROM `pages`
				WHERE `module` = 'modules'
				LIMIT 1
	          
Table 'avtozapchasti.pages' doesn't exist
Время ошибки: 10-08-2016 12:32:29

Адрес файла: W:\domains\avtozapchasti.ru\variables.php
Строка в файле №: 75
Запрос: 
				SELECT *
				FROM `pages`
				WHERE `module` = 'modules'
				LIMIT 1
	          
Table 'avtozapchasti.pages' doesn't exist
Время ошибки: 10-08-2016 12:32:39

Адрес файла: W:\domains\avtozapchasti.ru\variables.php
Строка в файле №: 75
Запрос: 
				SELECT *
				FROM `pages`
				WHERE `module` = 'modules'
				LIMIT 1
	          
Table 'avtozapchasti.pages' doesn't exist
Время ошибки: 10-08-2016 12:32:49

Адрес файла: W:\domains\avtozapchasti.ru\variables.php
Строка в файле №: 75
Запрос: 
				SELECT *
				FROM `pages`
				WHERE `module` = 'modules'
				LIMIT 1
	          
Table 'avtozapchasti.pages' doesn't exist
Время ошибки: 10-08-2016 12:32:59

Адрес файла: W:\domains\avtozapchasti.ru\variables.php
Строка в файле №: 75
Запрос: 
				SELECT *
				FROM `pages`
				WHERE `module` = 'modules'
				LIMIT 1
	          
Table 'avtozapchasti.pages' doesn't exist
Время ошибки: 10-08-2016 12:33:09

Адрес файла: W:\domains\avtozapchasti.ru\variables.php
Строка в файле №: 75
Запрос: 
				SELECT *
				FROM `pages`
				WHERE `module` = 'modules'
				LIMIT 1
	          
Table 'avtozapchasti.pages' doesn't exist
Время ошибки: 10-08-2016 12:33:19

Адрес файла: W:\domains\avtozapchasti.ru\variables.php
Строка в файле №: 75
Запрос: 
				SELECT *
				FROM `pages`
				WHERE `module` = 'modules'
				LIMIT 1
	          
Table 'avtozapchasti.pages' doesn't exist
Время ошибки: 10-08-2016 12:33:29

Адрес файла: W:\domains\avtozapchasti.ru\variables.php
Строка в файле №: 75
Запрос: 
				SELECT *
				FROM `pages`
				WHERE `module` = 'modules'
				LIMIT 1
	          
Table 'avtozapchasti.pages' doesn't exist
Время ошибки: 10-08-2016 12:33:59

Адрес файла: W:\domains\avtozapchasti.ru\variables.php
Строка в файле №: 75
Запрос: 
				SELECT *
				FROM `pages`
				WHERE `module` = 'modules'
				LIMIT 1
	          
Table 'avtozapchasti.pages' doesn't exist
Время ошибки: 10-08-2016 12:34:09

Адрес файла: W:\domains\avtozapchasti.ru\variables.php
Строка в файле №: 75
Запрос: 
				SELECT *
				FROM `pages`
				WHERE `module` = 'modules'
				LIMIT 1
	          
Table 'avtozapchasti.pages' doesn't exist
Время ошибки: 10-08-2016 12:34:19

Адрес файла: W:\domains\avtozapchasti.ru\variables.php
Строка в файле №: 75
Запрос: 
				SELECT *
				FROM `pages`
				WHERE `module` = 'modules'
				LIMIT 1
	          
Table 'avtozapchasti.pages' doesn't exist
Время ошибки: 10-08-2016 12:34:29

Адрес файла: W:\domains\avtozapchasti.ru\variables.php
Строка в файле №: 75
Запрос: 
				SELECT *
				FROM `pages`
				WHERE `module` = 'modules'
				LIMIT 1
	          
Table 'avtozapchasti.pages' doesn't exist
Время ошибки: 10-08-2016 12:34:39

Адрес файла: W:\domains\avtozapchasti.ru\variables.php
Строка в файле №: 75
Запрос: 
				SELECT *
				FROM `pages`
				WHERE `module` = 'modules'
				LIMIT 1
	          
Table 'avtozapchasti.pages' doesn't exist
Время ошибки: 10-08-2016 12:34:49

Адрес файла: W:\domains\avtozapchasti.ru\variables.php
Строка в файле №: 75
Запрос: 
				SELECT *
				FROM `pages`
				WHERE `module` = 'modules'
				LIMIT 1
	          
Table 'avtozapchasti.pages' doesn't exist
Время ошибки: 10-08-2016 12:34:59

Адрес файла: W:\domains\avtozapchasti.ru\variables.php
Строка в файле №: 75
Запрос: 
				SELECT *
				FROM `pages`
				WHERE `module` = 'modules'
				LIMIT 1
	          
Table 'avtozapchasti.pages' doesn't exist
Время ошибки: 10-08-2016 12:35:09

Адрес файла: W:\domains\avtozapchasti.ru\variables.php
Строка в файле №: 75
Запрос: 
				SELECT *
				FROM `pages`
				WHERE `module` = 'modules'
				LIMIT 1
	          
Table 'avtozapchasti.pages' doesn't exist
Время ошибки: 10-08-2016 12:35:19

Адрес файла: W:\domains\avtozapchasti.ru\variables.php
Строка в файле №: 75
Запрос: 
				SELECT *
				FROM `pages`
				WHERE `module` = 'modules'
				LIMIT 1
	          
Table 'avtozapchasti.pages' doesn't exist
Время ошибки: 10-08-2016 12:35:29

Адрес файла: W:\domains\avtozapchasti.ru\variables.php
Строка в файле №: 75
Запрос: 
				SELECT *
				FROM `pages`
				WHERE `module` = 'modules'
				LIMIT 1
	          
Table 'avtozapchasti.pages' doesn't exist
Время ошибки: 10-08-2016 12:35:39

Адрес файла: W:\domains\avtozapchasti.ru\variables.php
Строка в файле №: 75
Запрос: 
				SELECT *
				FROM `pages`
				WHERE `module` = 'modules'
				LIMIT 1
	          
Table 'avtozapchasti.pages' doesn't exist
Время ошибки: 10-08-2016 12:35:49

Адрес файла: W:\domains\avtozapchasti.ru\variables.php
Строка в файле №: 75
Запрос: 
				SELECT *
				FROM `pages`
				WHERE `module` = 'modules'
				LIMIT 1
	          
Table 'avtozapchasti.pages' doesn't exist
Время ошибки: 10-08-2016 12:35:59

Адрес файла: W:\domains\avtozapchasti.ru\modules\allpages.php
Строка в файле №: 33
Запрос: 
		SELECT *
		FROM `user`
		WHERE `login` = ''
		AND `password` = 'CBouTQUYHXuWI'
		AND `active` = 1
		LIMIT 1
	 
Table 'avtozapchasti.user' doesn't exist
Время ошибки: 13-08-2016 13:03:52

Адрес файла: W:\domains\avtozapchasti.ru\modules\allpages.php
Строка в файле №: 33
Запрос: 
		SELECT *
		FROM `user`
		WHERE `login` = ''
		AND `password` = 'CBouTQUYHXuWI'
		AND `active` = 1
		LIMIT 1
	 
Table 'avtozapchasti.user' doesn't exist
Время ошибки: 13-08-2016 13:06:17

Адрес файла: W:\domains\avtozapchasti.ru\modules\allpages.php
Строка в файле №: 33
Запрос: 
		SELECT *
		FROM `user`
		WHERE `login` = '111'
		AND `password` = 'CB1uhm7imJO7g'
		AND `active` = 1
		LIMIT 1
	 
Table 'avtozapchasti.user' doesn't exist
Время ошибки: 13-08-2016 13:06:25

Адрес файла: W:\domains\avtozapchasti.ru\modules\cab\registration.php
Строка в файле №: 69
Запрос: 
		INSERT INTO `users` SET
		`login`    = 'System',
		`password` = 'CBu2w8Fzi.Va6',  
		`email`    = 'System88_@mail.ru',
		`hash`	   = 'CBeM.6hDbftoM',
		`data`	   = '2016-08-13'
	
Unknown column 'data' in 'field list'
Время ошибки: 13-08-2016 15:12:59

Адрес файла: W:\domains\avtozapchasti.ru\modules\static\main.php
Строка в файле №: 29
Запрос: 
                SELECT *
                FROM `tovari`
                WHERE `cat` = 'Система охлаждения' AND `name` = LIKE 'З%'
        
You have an error in your SQL syntax; check the manual that corresponds to your MySQL server version for the right syntax to use near 'LIKE 'З%'' at line 3
Время ошибки: 15-08-2016 15:56:22

Адрес файла: W:\domains\avtozapchasti.ru\modules\static\main.php
Строка в файле №: 30
Запрос: 
                SELECT *
                FROM `tovari`
                WHERE `cat` = 'Система охлаждения',
                 `name` = LIKE 'З%'
        
You have an error in your SQL syntax; check the manual that corresponds to your MySQL server version for the right syntax to use near '
                 `name` = LIKE 'З%'' at line 3
Время ошибки: 15-08-2016 15:56:44

Адрес файла: W:\domains\avtozapchasti.ru\modules\static\main.php
Строка в файле №: 29
Запрос: 
                SELECT *
                FROM `tovari`
                WHERE `cat` = 'Система охлаждения' AND `name` = LIKE 'З%'
        
You have an error in your SQL syntax; check the manual that corresponds to your MySQL server version for the right syntax to use near 'LIKE 'З%'' at line 3
Время ошибки: 15-08-2016 15:58:25

Адрес файла: W:\domains\avtozapchasti.ru\modules\static\main.php
Строка в файле №: 29
Запрос: 
                SELECT *
                FROM `tovari`
                WHERE `name` LIKE 'Н%' AND `cat` = Система охлаждения 
        
You have an error in your SQL syntax; check the manual that corresponds to your MySQL server version for the right syntax to use near 'охлаждения' at line 3
Время ошибки: 15-08-2016 16:13:38

Адрес файла: W:\domains\avtozapchasti.ru\modules\static\main.php
Строка в файле №: 29
Запрос: 
                SELECT *
                FROM `tovari`
                WHERE `name` LIKE 'Н%' AND WHERE `cat` = 'Система охлаждения' 
        
You have an error in your SQL syntax; check the manual that corresponds to your MySQL server version for the right syntax to use near 'WHERE `cat` = 'Система охлаждения'' at line 3
Время ошибки: 15-08-2016 16:16:48

Адрес файла: W:\domains\avtozapchasti.ru\modules\cat\main.php
Строка в файле №: 19
Запрос: 
        SELECT *
        FROM `tovari`
        WHERE `id` IN (1 2 )
    
You have an error in your SQL syntax; check the manual that corresponds to your MySQL server version for the right syntax to use near '2 )' at line 3
Время ошибки: 18-08-2016 10:44:55

Адрес файла: W:\domains\avtozapchasti.ru\modules\cat\main.php
Строка в файле №: 20
Запрос: 
        SELECT *
        FROM `tovari`
        WHERE `id` IN (1 2 )
    
You have an error in your SQL syntax; check the manual that corresponds to your MySQL server version for the right syntax to use near '2 )' at line 3
Время ошибки: 18-08-2016 10:45:31

Адрес файла: W:\domains\avtozapchasti.ru\modules\cat\main.php
Строка в файле №: 20
Запрос: 
        SELECT *
        FROM `tovari`
        WHERE `id` IN (1 2 )
    
You have an error in your SQL syntax; check the manual that corresponds to your MySQL server version for the right syntax to use near '2 )' at line 3
Время ошибки: 18-08-2016 10:45:32

Адрес файла: W:\domains\avtozapchasti.ru\modules\cat\main.php
Строка в файле №: 20
Запрос: 
        SELECT *
        FROM `tovari`
        WHERE `id` IN (1,2,)
    
You have an error in your SQL syntax; check the manual that corresponds to your MySQL server version for the right syntax to use near ')' at line 3
Время ошибки: 18-08-2016 10:46:06

Адрес файла: W:\domains\avtozapchasti.ru\modules\cat\main.php
Строка в файле №: 27
Запрос: 
        SELECT *
        FROM `tovari`
        WHERE `id` IN (1,2,)
    
You have an error in your SQL syntax; check the manual that corresponds to your MySQL server version for the right syntax to use near ')' at line 3
Время ошибки: 18-08-2016 10:47:51

Адрес файла: W:\domains\avtozapchasti.ru\modules\cab\lc.php
Строка в файле №: 20
Запрос: 
	UPDATE `user` SET `bday`  = '1988-04-30',
					  `city`  = '',
					  `webs`  = '',
					  `skype` = '',
					  `hobby` = '',
					  `phone` = '',
					  `sex`   = ''
	WHERE `id` = '1'
	
Table 'avtozapchasti.user' doesn't exist
Время ошибки: 19-08-2016 17:21:52

Адрес файла: W:\domains\avtozapchasti.ru\skins\default\cab\lc.tpl
Строка в файле №: 17
Запрос: 
			DATE_FORMAT('','%d-%m-%Y)
			
You have an error in your SQL syntax; check the manual that corresponds to your MySQL server version for the right syntax to use near 'DATE_FORMAT('','%d-%m-%Y)' at line 1
Время ошибки: 19-08-2016 18:57:38

Адрес файла: W:\domains\avtozapchasti.ru\modules\cat\of.php
Строка в файле №: 121
Запрос: 
              INSERT INTO `zakazi`
              SET `login` = 'System', `status` = 'Принят', `zakaz` = 'Насос водяной 8кл. 2109-2118 ТЗА 1 шт. 930Насос водяной 16кл. 2112 ТЗА 1 шт. 940', `phone` = '+79515275483', `email` = '',
              `adress` = '', `dostavka` = 'Срочная', `summ` = (int)1970;
             
You have an error in your SQL syntax; check the manual that corresponds to your MySQL server version for the right syntax to use near 'int)1970' at line 3
Время ошибки: 20-08-2016 16:52:17

Адрес файла: W:\domains\avtozapchasti.ru\modules\cat\zakaz.php
Строка в файле №: 13
Запрос: 
    SELECT *
    FROM `tovari`
    WHERE `id` = 

You have an error in your SQL syntax; check the manual that corresponds to your MySQL server version for the right syntax to use near '' at line 3
Время ошибки: 22-08-2016 16:54:53

Адрес файла: W:\domains\avtozapchasti.ru\modules\static\t.php
Строка в файле №: 14
Запрос: 
        DELETE *
        FROM `tovari`
        WHERE `id` = '4'
        
You have an error in your SQL syntax; check the manual that corresponds to your MySQL server version for the right syntax to use near '*
        FROM `tovari`
        WHERE `id` = '4'' at line 1
Время ошибки: 23-08-2016 13:57:03

Адрес файла: W:\domains\avtozapchasti.ru\modules\admin\allpages.php
Строка в файле №: 70
Запрос: 
			SELECT *
			FROM `user`
			WHERE `id` = 1
			LIMIT 1
	
Table 'avtozapchasti.user' doesn't exist
Время ошибки: 24-08-2016 13:14:48

Адрес файла: W:\domains\avtozapchasti.ru\modules\admin\allpages.php
Строка в файле №: 70
Запрос: 
			SELECT *
			FROM `user`
			WHERE `id` = 1
			LIMIT 1
	
Table 'avtozapchasti.user' doesn't exist
Время ошибки: 24-08-2016 13:15:23

Адрес файла: W:\domains\avtozapchasti.ru\modules\admin\allpages.php
Строка в файле №: 70
Запрос: 
			SELECT *
			FROM `user`
			WHERE `id` = 1
			LIMIT 1
	
Table 'avtozapchasti.user' doesn't exist
Время ошибки: 24-08-2016 13:35:29

Адрес файла: W:\domains\avtozapchasti.ru\modules\cat\zakaz.php
Строка в файле №: 122
Запрос: 
              INSERT INTO `zakazi`
              SET `login` = 'System', `status` = 'Принят', `zakaz` = 'Заказать товар'.'Лампа Н4 60/55W - Маяк', `phone` = '+79515275483', `email` = 'System88_@mail.ru',
              `adress` = '', `dostavka` = 'Самовывоз',`comm` = '', `data` = NOW()
             
You have an error in your SQL syntax; check the manual that corresponds to your MySQL server version for the right syntax to use near '.'Лампа Н4 60/55W - Маяк', `phone` = '+79515275483', `email` = 'System' at line 2
Время ошибки: 24-08-2016 14:55:40

Адрес файла: W:\domains\avtozapchasti.ru\modules\cat\of.php
Строка в файле №: 93
Запрос: 
              INSERT INTO `zakazi`
              SET `login` = 'ыва/3\'+3_2', `zakaz` = 'Насос водяной 8кл. 2109-2118 ТЗА 1 шт. * 1000,00р.Лампа Н4 60/55W - Маяк 1 шт. * 130,00р.', `phone` = '+79515275483', `email` = 'System88_@mail.ru',
              `adress` = '', `dostavka` = 'Самовывоз', `summ` = (int)1130, `comm` = 's3+-*/_', `data` = NOW()
             
You have an error in your SQL syntax; check the manual that corresponds to your MySQL server version for the right syntax to use near 'int)1130, `comm` = 's3+-*/_', `data` = NOW()' at line 3
Время ошибки: 24-08-2016 21:02:28

Адрес файла: W:\domains\avtozapchasti.ru\modules\static\main.php
Строка в файле №: 107
Запрос: 
                SELECT *
                FROM `tovari`
                WHERE `cat` = 'Автосвет'
                ORDER BY `name` ASC
                LIMIT -10,10
        
You have an error in your SQL syntax; check the manual that corresponds to your MySQL server version for the right syntax to use near '-10,10' at line 5
Время ошибки: 25-08-2016 16:42:13

Адрес файла: W:\domains\avtozapchasti.ru\modules\static\main.php
Строка в файле №: 83
Запрос: 
                SELECT *
                FROM `tovari`
                WHERE `name` LIKE '%амортизатор%'
                LIMIT -10,10
        
You have an error in your SQL syntax; check the manual that corresponds to your MySQL server version for the right syntax to use near '-10,10' at line 4
Время ошибки: 25-08-2016 17:14:42

Адрес файла: W:\domains\avtozapchasti.ru\modules\static\main.php
Строка в файле №: 85
Запрос: 
                SELECT *
                FROM `tovari`
                WHERE `name` LIKE '%амортизатор%'
                LIMIT -10,10
        
You have an error in your SQL syntax; check the manual that corresponds to your MySQL server version for the right syntax to use near '-10,10' at line 4
Время ошибки: 25-08-2016 17:16:30

Адрес файла: W:\domains\avtozapchasti.ru\modules\static\main.php
Строка в файле №: 85
Запрос: 
                SELECT *
                FROM `tovari`
                WHERE `name` LIKE '%амортизатор%'
                LIMIT -10,10
        
You have an error in your SQL syntax; check the manual that corresponds to your MySQL server version for the right syntax to use near '-10,10' at line 4
Время ошибки: 25-08-2016 17:16:31

Адрес файла: W:\domains\avtozapchasti.ru\modules\static\main.php
Строка в файле №: 85
Запрос: 
                SELECT *
                FROM `tovari`
                WHERE `name` LIKE '%амортизатор%'
                LIMIT -10,10
        
You have an error in your SQL syntax; check the manual that corresponds to your MySQL server version for the right syntax to use near '-10,10' at line 4
Время ошибки: 25-08-2016 17:16:32

Адрес файла: W:\domains\avtozapchasti.ru\modules\static\main.php
Строка в файле №: 85
Запрос: 
                SELECT *
                FROM `tovari`
                WHERE `name` LIKE '%амортизатор%'
                LIMIT -10,10
        
You have an error in your SQL syntax; check the manual that corresponds to your MySQL server version for the right syntax to use near '-10,10' at line 4
Время ошибки: 25-08-2016 17:16:33

Адрес файла: W:\domains\avtozapchasti.ru\modules\static\main.php
Строка в файле №: 85
Запрос: 
                SELECT *
                FROM `tovari`
                WHERE `name` LIKE '%амортизатор%'
                LIMIT -10,10
        
You have an error in your SQL syntax; check the manual that corresponds to your MySQL server version for the right syntax to use near '-10,10' at line 4
Время ошибки: 25-08-2016 17:16:57

Адрес файла: W:\domains\avtozapchasti.ru\modules\cab\allz.php
Строка в файле №: 47
Запрос: 
                SELECT *
                FROM `zakazi`
                ORDER BY `id` DESC
                LIMIT -20,20
              
You have an error in your SQL syntax; check the manual that corresponds to your MySQL server version for the right syntax to use near '-20,20' at line 4
Время ошибки: 27-08-2016 17:19:35

Адрес файла: W:\domains\avtozapchasti.ru\modules\cab\allz.php
Строка в файле №: 47
Запрос: 
                SELECT *
                FROM `zakazi`
                ORDER BY `id` DESC
                LIMIT -1,1
              
You have an error in your SQL syntax; check the manual that corresponds to your MySQL server version for the right syntax to use near '-1,1' at line 4
Время ошибки: 27-08-2016 17:23:19

Адрес файла: W:\domains\avtozapchasti.ru\modules\cab\allz.php
Строка в файле №: 54
Запрос: 
                SELECT *
                FROM `zakazi`
                ORDER BY `id` DESC
                LIMIT -20,20
              
You have an error in your SQL syntax; check the manual that corresponds to your MySQL server version for the right syntax to use near '-20,20' at line 4
Время ошибки: 27-08-2016 17:35:56

Адрес файла: W:\domains\avtozapchasti.ru\modules\cab\allz.php
Строка в файле №: 54
Запрос: 
                SELECT *
                FROM `zakazi`
                ORDER BY `id` DESC
                LIMIT -20,20
              
You have an error in your SQL syntax; check the manual that corresponds to your MySQL server version for the right syntax to use near '-20,20' at line 4
Время ошибки: 27-08-2016 17:37:37

Адрес файла: W:\domains\avtozapchasti.ru\modules\cab\allz.php
Строка в файле №: 54
Запрос: 
                SELECT *
                FROM `zakazi`
                ORDER BY `id` DESC
                LIMIT -20,20
              
You have an error in your SQL syntax; check the manual that corresponds to your MySQL server version for the right syntax to use near '-20,20' at line 4
Время ошибки: 27-08-2016 17:37:48

Адрес файла: W:\domains\avtozapchasti.ru\modules\cat\main.php
Строка в файле №: 58
Запрос: 
              SELECT count(*)
              FROM `tovari`
              WHERE `id` IN (num)
                
Unknown column 'num' in 'where clause'
Время ошибки: 27-08-2016 17:52:24

Адрес файла: W:\domains\avtozapchasti.ru\modules\static\main.php
Строка в файле №: 143
Запрос: 
                SELECT *
                FROM `tovari`
                WHERE `name` LIKE '%амортизатор%'
                ORDER BY `name` ASC
                LIMIT -4,4
        
You have an error in your SQL syntax; check the manual that corresponds to your MySQL server version for the right syntax to use near '-4,4' at line 5
Время ошибки: 27-08-2016 20:59:36

Адрес файла: W:\domains\avtozapchasti.ru\modules\static\info.php
Строка в файле №: 27
Запрос: 
        SELECT *
        FROM `news`
        ORDER BY `data` DESC
        LIMIT -5, 5
    
You have an error in your SQL syntax; check the manual that corresponds to your MySQL server version for the right syntax to use near '-5, 5' at line 4
Время ошибки: 29-08-2016 16:21:03

